2017-01-20 15:42:38 - Starting C:\Program Files\nodejs\node.exe --harmony "C:\Users\remoteworks\AppData\Roaming\npm\node_modules\qckwinsvc\node_modules\node-windows\lib\wrapper.js" -f "C:\Busybee-reports\busybee-reports\server.js" -l "node-js-app" -g 0.25 -w 1 -r 3 -a n
2017-01-20 15:42:38 - Started 3776
2017-04-20 20:25:04 - Stopping nodejsapp.exe
2017-04-20 20:25:04 - Finished nodejsapp.exe
2017-04-20 20:26:19 - Starting C:\Program Files\nodejs\node.exe --harmony "C:\Users\remoteworks\AppData\Roaming\npm\node_modules\qckwinsvc\node_modules\node-windows\lib\wrapper.js" -f "C:\Busybee-reports\busybee-reports\server.js" -l "node-js-app" -g 0.25 -w 1 -r 3 -a n
2017-04-20 20:26:19 - Started 1464
2017-05-10 04:35:48 - Stopping nodejsapp.exe
2017-05-10 04:35:48 - ProcessKill 1464
2017-05-10 04:35:48 - Finished nodejsapp.exe
2017-05-10 04:36:29 - Starting C:\Program Files\nodejs\node.exe --harmony "C:\Users\remoteworks\AppData\Roaming\npm\node_modules\qckwinsvc\node_modules\node-windows\lib\wrapper.js" -f "C:\Busybee-reports\busybee-reports\server.js" -l "node-js-app" -g 0.25 -w 1 -r 3 -a n
2017-05-10 04:36:30 - Started 1488
2017-06-15 05:06:07 - Stopping nodejsapp.exe
2017-06-15 05:06:07 - Finished nodejsapp.exe
2017-06-15 05:06:59 - Starting C:\Program Files\nodejs\node.exe --harmony "C:\Users\remoteworks\AppData\Roaming\npm\node_modules\qckwinsvc\node_modules\node-windows\lib\wrapper.js" -f "C:\Busybee-reports\busybee-reports\server.js" -l "node-js-app" -g 0.25 -w 1 -r 3 -a n
2017-06-15 05:06:59 - Started 1460
2017-07-12 04:55:55 - Stopping nodejsapp.exe
2017-07-12 04:55:55 - Finished nodejsapp.exe
2017-07-12 04:58:07 - Starting C:\Program Files\nodejs\node.exe --harmony "C:\Users\remoteworks\AppData\Roaming\npm\node_modules\qckwinsvc\node_modules\node-windows\lib\wrapper.js" -f "C:\Busybee-reports\busybee-reports\server.js" -l "node-js-app" -g 0.25 -w 1 -r 3 -a n
2017-07-12 04:58:07 - Started 1456
2017-08-10 04:22:29 - Stopping nodejsapp.exe
2017-08-10 04:22:29 - Finished nodejsapp.exe
2017-08-10 04:23:58 - Starting C:\Program Files\nodejs\node.exe --harmony "C:\Users\remoteworks\AppData\Roaming\npm\node_modules\qckwinsvc\node_modules\node-windows\lib\wrapper.js" -f "C:\Busybee-reports\busybee-reports\server.js" -l "node-js-app" -g 0.25 -w 1 -r 3 -a n
2017-08-10 04:23:59 - Started 1456
2017-10-07 19:27:40 - Stopping nodejsapp.exe
2017-10-07 19:27:40 - Finished nodejsapp.exe
2017-10-07 19:28:57 - Starting C:\Program Files\nodejs\node.exe --harmony "C:\Users\remoteworks\AppData\Roaming\npm\node_modules\qckwinsvc\node_modules\node-windows\lib\wrapper.js" -f "C:\Busybee-reports\busybee-reports\server.js" -l "node-js-app" -g 0.25 -w 1 -r 3 -a n
2017-10-07 19:28:57 - Started 1468
2017-11-29 04:35:52 - Stopping nodejsapp.exe
2017-11-29 04:35:52 - Finished nodejsapp.exe
2017-11-29 04:36:35 - Starting C:\Program Files\nodejs\node.exe --harmony "C:\Users\remoteworks\AppData\Roaming\npm\node_modules\qckwinsvc\node_modules\node-windows\lib\wrapper.js" -f "C:\Busybee-reports\busybee-reports\server.js" -l "node-js-app" -g 0.25 -w 1 -r 3 -a n
2017-11-29 04:36:36 - Started 1436
2017-11-30 04:53:05 - Stopping nodejsapp.exe
2017-11-30 04:53:05 - ProcessKill 1436
2017-11-30 04:53:05 - Finished nodejsapp.exe
2017-11-30 04:53:40 - Starting C:\Program Files\nodejs\node.exe --harmony "C:\Users\remoteworks\AppData\Roaming\npm\node_modules\qckwinsvc\node_modules\node-windows\lib\wrapper.js" -f "C:\Busybee-reports\busybee-reports\server.js" -l "node-js-app" -g 0.25 -w 1 -r 3 -a n
2017-11-30 04:53:40 - Started 1424
2017-12-02 04:49:01 - Stopping nodejsapp.exe
2017-12-02 04:49:01 - ProcessKill 1424
2017-12-02 04:49:01 - Finished nodejsapp.exe
2017-12-02 04:49:23 - Starting C:\Program Files\nodejs\node.exe --harmony "C:\Users\remoteworks\AppData\Roaming\npm\node_modules\qckwinsvc\node_modules\node-windows\lib\wrapper.js" -f "C:\Busybee-reports\busybee-reports\server.js" -l "node-js-app" -g 0.25 -w 1 -r 3 -a n
2017-12-02 04:49:23 - Started 1412
2017-12-09 04:47:30 - Stopping nodejsapp.exe
2017-12-09 04:47:30 - ProcessKill 1412
2017-12-09 04:47:30 - Finished nodejsapp.exe
2017-12-09 04:47:49 - Starting C:\Program Files\nodejs\node.exe --harmony "C:\Users\remoteworks\AppData\Roaming\npm\node_modules\qckwinsvc\node_modules\node-windows\lib\wrapper.js" -f "C:\Busybee-reports\busybee-reports\server.js" -l "node-js-app" -g 0.25 -w 1 -r 3 -a n
2017-12-09 04:47:49 - Started 1376
2017-12-14 05:29:20 - Stopping nodejsapp.exe
2017-12-14 05:29:20 - ProcessKill 1376
2017-12-14 05:29:20 - Finished nodejsapp.exe
2017-12-14 05:29:56 - Starting C:\Program Files\nodejs\node.exe --harmony "C:\Users\remoteworks\AppData\Roaming\npm\node_modules\qckwinsvc\node_modules\node-windows\lib\wrapper.js" -f "C:\Busybee-reports\busybee-reports\server.js" -l "node-js-app" -g 0.25 -w 1 -r 3 -a n
2017-12-14 05:29:56 - Started 1432
2017-12-16 04:47:29 - Stopping nodejsapp.exe
2017-12-16 04:47:29 - ProcessKill 1432
2017-12-16 04:47:29 - Finished nodejsapp.exe
2017-12-16 04:48:01 - Starting C:\Program Files\nodejs\node.exe --harmony "C:\Users\remoteworks\AppData\Roaming\npm\node_modules\qckwinsvc\node_modules\node-windows\lib\wrapper.js" -f "C:\Busybee-reports\busybee-reports\server.js" -l "node-js-app" -g 0.25 -w 1 -r 3 -a n
2017-12-16 04:48:01 - Started 1392
2017-12-23 04:47:30 - Stopping nodejsapp.exe
2017-12-23 04:47:30 - ProcessKill 1392
2017-12-23 04:47:30 - Finished nodejsapp.exe
2017-12-23 04:47:49 - Starting C:\Program Files\nodejs\node.exe --harmony "C:\Users\remoteworks\AppData\Roaming\npm\node_modules\qckwinsvc\node_modules\node-windows\lib\wrapper.js" -f "C:\Busybee-reports\busybee-reports\server.js" -l "node-js-app" -g 0.25 -w 1 -r 3 -a n
2017-12-23 04:47:50 - Started 1384
2017-12-30 04:47:28 - Stopping nodejsapp.exe
2017-12-30 04:47:28 - ProcessKill 1384
2017-12-30 04:47:28 - Finished nodejsapp.exe
2017-12-30 04:47:49 - Starting C:\Program Files\nodejs\node.exe --harmony "C:\Users\remoteworks\AppData\Roaming\npm\node_modules\qckwinsvc\node_modules\node-windows\lib\wrapper.js" -f "C:\Busybee-reports\busybee-reports\server.js" -l "node-js-app" -g 0.25 -w 1 -r 3 -a n
2017-12-30 04:47:49 - Started 1380
2018-01-04 02:13:20 - Stopping nodejsapp.exe
2018-01-04 02:13:20 - ProcessKill 1380
2018-01-04 02:13:20 - Finished nodejsapp.exe
2018-01-04 02:47:24 - Starting C:\Program Files\nodejs\node.exe --harmony "C:\Users\remoteworks\AppData\Roaming\npm\node_modules\qckwinsvc\node_modules\node-windows\lib\wrapper.js" -f "C:\Busybee-reports\busybee-reports\server.js" -l "node-js-app" -g 0.25 -w 1 -r 3 -a n
2018-01-04 02:47:25 - Started 1424
2018-01-05 03:48:04 - Stopping nodejsapp.exe
2018-01-05 03:48:04 - ProcessKill 1424
2018-01-05 03:48:04 - Finished nodejsapp.exe
2018-01-05 03:48:50 - Starting C:\Program Files\nodejs\node.exe --harmony "C:\Users\remoteworks\AppData\Roaming\npm\node_modules\qckwinsvc\node_modules\node-windows\lib\wrapper.js" -f "C:\Busybee-reports\busybee-reports\server.js" -l "node-js-app" -g 0.25 -w 1 -r 3 -a n
2018-01-05 03:48:50 - Started 1424
2018-01-06 04:47:32 - Stopping nodejsapp.exe
2018-01-06 04:47:32 - ProcessKill 1424
2018-01-06 04:47:32 - Finished nodejsapp.exe
2018-01-06 04:48:10 - Starting C:\Program Files\nodejs\node.exe --harmony "C:\Users\remoteworks\AppData\Roaming\npm\node_modules\qckwinsvc\node_modules\node-windows\lib\wrapper.js" -f "C:\Busybee-reports\busybee-reports\server.js" -l "node-js-app" -g 0.25 -w 1 -r 3 -a n
2018-01-06 04:48:10 - Started 1412
2018-01-13 04:47:30 - Stopping nodejsapp.exe
2018-01-13 04:47:30 - ProcessKill 1412
2018-01-13 04:47:30 - Finished nodejsapp.exe
2018-01-13 04:48:08 - Starting C:\Program Files\nodejs\node.exe --harmony "C:\Users\remoteworks\AppData\Roaming\npm\node_modules\qckwinsvc\node_modules\node-windows\lib\wrapper.js" -f "C:\Busybee-reports\busybee-reports\server.js" -l "node-js-app" -g 0.25 -w 1 -r 3 -a n
2018-01-13 04:48:08 - Started 1312
2018-01-20 04:47:29 - Stopping nodejsapp.exe
2018-01-20 04:47:29 - ProcessKill 1312
2018-01-20 04:47:29 - Finished nodejsapp.exe
2018-01-20 04:48:07 - Starting C:\Program Files\nodejs\node.exe --harmony "C:\Users\remoteworks\AppData\Roaming\npm\node_modules\qckwinsvc\node_modules\node-windows\lib\wrapper.js" -f "C:\Busybee-reports\busybee-reports\server.js" -l "node-js-app" -g 0.25 -w 1 -r 3 -a n
2018-01-20 04:48:07 - Started 1404
2018-01-27 04:47:29 - Stopping nodejsapp.exe
2018-01-27 04:47:29 - ProcessKill 1404
2018-01-27 04:47:29 - Finished nodejsapp.exe
2018-01-27 04:48:03 - Starting C:\Program Files\nodejs\node.exe --harmony "C:\Users\remoteworks\AppData\Roaming\npm\node_modules\qckwinsvc\node_modules\node-windows\lib\wrapper.js" -f "C:\Busybee-reports\busybee-reports\server.js" -l "node-js-app" -g 0.25 -w 1 -r 3 -a n
2018-01-27 04:48:03 - Started 1372
2018-02-03 04:47:29 - Stopping nodejsapp.exe
2018-02-03 04:47:29 - ProcessKill 1372
2018-02-03 04:47:29 - Finished nodejsapp.exe
2018-02-03 04:48:03 - Starting C:\Program Files\nodejs\node.exe --harmony "C:\Users\remoteworks\AppData\Roaming\npm\node_modules\qckwinsvc\node_modules\node-windows\lib\wrapper.js" -f "C:\Busybee-reports\busybee-reports\server.js" -l "node-js-app" -g 0.25 -w 1 -r 3 -a n
2018-02-03 04:48:03 - Started 1388
2018-02-10 04:47:29 - Stopping nodejsapp.exe
2018-02-10 04:47:29 - ProcessKill 1388
2018-02-10 04:47:29 - Finished nodejsapp.exe
2018-02-10 04:48:03 - Starting C:\Program Files\nodejs\node.exe --harmony "C:\Users\remoteworks\AppData\Roaming\npm\node_modules\qckwinsvc\node_modules\node-windows\lib\wrapper.js" -f "C:\Busybee-reports\busybee-reports\server.js" -l "node-js-app" -g 0.25 -w 1 -r 3 -a n
2018-02-10 04:48:03 - Started 1380
2018-02-17 04:47:29 - Stopping nodejsapp.exe
2018-02-17 04:47:29 - ProcessKill 1380
2018-02-17 04:47:29 - Finished nodejsapp.exe
2018-02-17 04:48:11 - Starting C:\Program Files\nodejs\node.exe --harmony "C:\Users\remoteworks\AppData\Roaming\npm\node_modules\qckwinsvc\node_modules\node-windows\lib\wrapper.js" -f "C:\Busybee-reports\busybee-reports\server.js" -l "node-js-app" -g 0.25 -w 1 -r 3 -a n
2018-02-17 04:48:11 - Started 1344
2018-02-24 04:47:29 - Stopping nodejsapp.exe
2018-02-24 04:47:29 - ProcessKill 1344
2018-02-24 04:47:29 - Finished nodejsapp.exe
2018-02-24 04:48:15 - Starting C:\Program Files\nodejs\node.exe --harmony "C:\Users\remoteworks\AppData\Roaming\npm\node_modules\qckwinsvc\node_modules\node-windows\lib\wrapper.js" -f "C:\Busybee-reports\busybee-reports\server.js" -l "node-js-app" -g 0.25 -w 1 -r 3 -a n
2018-02-24 04:48:15 - Started 1376
2018-03-03 04:47:29 - Stopping nodejsapp.exe
2018-03-03 04:47:29 - ProcessKill 1376
2018-03-03 04:47:29 - Finished nodejsapp.exe
2018-03-03 04:48:09 - Starting C:\Program Files\nodejs\node.exe --harmony "C:\Users\remoteworks\AppData\Roaming\npm\node_modules\qckwinsvc\node_modules\node-windows\lib\wrapper.js" -f "C:\Busybee-reports\busybee-reports\server.js" -l "node-js-app" -g 0.25 -w 1 -r 3 -a n
2018-03-03 04:48:09 - Started 1380
2018-03-10 04:47:30 - Stopping nodejsapp.exe
2018-03-10 04:47:30 - ProcessKill 1380
2018-03-10 04:47:30 - Finished nodejsapp.exe
2018-03-10 04:48:08 - Starting C:\Program Files\nodejs\node.exe --harmony "C:\Users\remoteworks\AppData\Roaming\npm\node_modules\qckwinsvc\node_modules\node-windows\lib\wrapper.js" -f "C:\Busybee-reports\busybee-reports\server.js" -l "node-js-app" -g 0.25 -w 1 -r 3 -a n
2018-03-10 04:48:08 - Started 1344
2018-03-17 04:47:30 - Stopping nodejsapp.exe
2018-03-17 04:47:30 - ProcessKill 1344
2018-03-17 04:47:30 - Finished nodejsapp.exe
2018-03-17 04:48:07 - Starting C:\Program Files\nodejs\node.exe --harmony "C:\Users\remoteworks\AppData\Roaming\npm\node_modules\qckwinsvc\node_modules\node-windows\lib\wrapper.js" -f "C:\Busybee-reports\busybee-reports\server.js" -l "node-js-app" -g 0.25 -w 1 -r 3 -a n
2018-03-17 04:48:07 - Started 1396
2018-03-24 04:47:28 - Stopping nodejsapp.exe
2018-03-24 04:47:28 - ProcessKill 1396
2018-03-24 04:47:28 - Finished nodejsapp.exe
2018-03-24 04:48:21 - Starting C:\Program Files\nodejs\node.exe --harmony "C:\Users\remoteworks\AppData\Roaming\npm\node_modules\qckwinsvc\node_modules\node-windows\lib\wrapper.js" -f "C:\Busybee-reports\busybee-reports\server.js" -l "node-js-app" -g 0.25 -w 1 -r 3 -a n
2018-03-24 04:48:21 - Started 1304
2018-03-31 04:47:29 - Stopping nodejsapp.exe
2018-03-31 04:47:29 - ProcessKill 1304
2018-03-31 04:47:29 - Finished nodejsapp.exe
2018-03-31 04:48:06 - Starting C:\Program Files\nodejs\node.exe --harmony "C:\Users\remoteworks\AppData\Roaming\npm\node_modules\qckwinsvc\node_modules\node-windows\lib\wrapper.js" -f "C:\Busybee-reports\busybee-reports\server.js" -l "node-js-app" -g 0.25 -w 1 -r 3 -a n
2018-03-31 04:48:06 - Started 1396
2018-04-07 04:47:28 - Stopping nodejsapp.exe
2018-04-07 04:47:28 - ProcessKill 1396
2018-04-07 04:47:28 - Finished nodejsapp.exe
2018-04-07 04:48:03 - Starting C:\Program Files\nodejs\node.exe --harmony "C:\Users\remoteworks\AppData\Roaming\npm\node_modules\qckwinsvc\node_modules\node-windows\lib\wrapper.js" -f "C:\Busybee-reports\busybee-reports\server.js" -l "node-js-app" -g 0.25 -w 1 -r 3 -a n
2018-04-07 04:48:03 - Started 1376
2018-04-12 03:56:16 - Stopping nodejsapp.exe
2018-04-12 03:56:16 - ProcessKill 1376
2018-04-12 03:56:16 - Finished nodejsapp.exe
2018-04-12 03:58:31 - Starting C:\Program Files\nodejs\node.exe --harmony "C:\Users\remoteworks\AppData\Roaming\npm\node_modules\qckwinsvc\node_modules\node-windows\lib\wrapper.js" -f "C:\Busybee-reports\busybee-reports\server.js" -l "node-js-app" -g 0.25 -w 1 -r 3 -a n
2018-04-12 03:58:31 - Started 1444
2018-04-14 04:48:13 - Stopping nodejsapp.exe
2018-04-14 04:48:13 - ProcessKill 1444
2018-04-14 04:48:13 - Finished nodejsapp.exe
2018-04-14 04:49:01 - Starting C:\Program Files\nodejs\node.exe --harmony "C:\Users\remoteworks\AppData\Roaming\npm\node_modules\qckwinsvc\node_modules\node-windows\lib\wrapper.js" -f "C:\Busybee-reports\busybee-reports\server.js" -l "node-js-app" -g 0.25 -w 1 -r 3 -a n
2018-04-14 04:49:01 - Started 1296
2018-04-21 04:47:29 - Stopping nodejsapp.exe
2018-04-21 04:47:29 - ProcessKill 1296
2018-04-21 04:47:29 - Finished nodejsapp.exe
2018-04-21 04:48:03 - Starting C:\Program Files\nodejs\node.exe --harmony "C:\Users\remoteworks\AppData\Roaming\npm\node_modules\qckwinsvc\node_modules\node-windows\lib\wrapper.js" -f "C:\Busybee-reports\busybee-reports\server.js" -l "node-js-app" -g 0.25 -w 1 -r 3 -a n
2018-04-21 04:48:03 - Started 1372
2018-04-28 04:47:29 - Stopping nodejsapp.exe
2018-04-28 04:47:29 - ProcessKill 1372
2018-04-28 04:47:29 - Finished nodejsapp.exe
2018-04-28 04:48:05 - Starting C:\Program Files\nodejs\node.exe --harmony "C:\Users\remoteworks\AppData\Roaming\npm\node_modules\qckwinsvc\node_modules\node-windows\lib\wrapper.js" -f "C:\Busybee-reports\busybee-reports\server.js" -l "node-js-app" -g 0.25 -w 1 -r 3 -a n
2018-04-28 04:48:05 - Started 1364
2018-05-05 04:47:29 - Stopping nodejsapp.exe
2018-05-05 04:47:29 - ProcessKill 1364
2018-05-05 04:47:29 - Finished nodejsapp.exe
2018-05-05 04:48:07 - Starting C:\Program Files\nodejs\node.exe --harmony "C:\Users\remoteworks\AppData\Roaming\npm\node_modules\qckwinsvc\node_modules\node-windows\lib\wrapper.js" -f "C:\Busybee-reports\busybee-reports\server.js" -l "node-js-app" -g 0.25 -w 1 -r 3 -a n
2018-05-05 04:48:07 - Started 1440
2018-05-09 03:24:24 - Stopping nodejsapp.exe
2018-05-09 03:24:24 - ProcessKill 1440
2018-05-09 03:24:24 - Finished nodejsapp.exe
2018-05-09 03:25:15 - Starting C:\Program Files\nodejs\node.exe --harmony "C:\Users\remoteworks\AppData\Roaming\npm\node_modules\qckwinsvc\node_modules\node-windows\lib\wrapper.js" -f "C:\Busybee-reports\busybee-reports\server.js" -l "node-js-app" -g 0.25 -w 1 -r 3 -a n
2018-05-09 03:25:15 - Started 1428
2018-05-12 04:47:35 - Stopping nodejsapp.exe
2018-05-12 04:47:35 - ProcessKill 1428
2018-05-12 04:47:35 - Finished nodejsapp.exe
2018-05-12 04:48:12 - Starting C:\Program Files\nodejs\node.exe --harmony "C:\Users\remoteworks\AppData\Roaming\npm\node_modules\qckwinsvc\node_modules\node-windows\lib\wrapper.js" -f "C:\Busybee-reports\busybee-reports\server.js" -l "node-js-app" -g 0.25 -w 1 -r 3 -a n
2018-05-12 04:48:13 - Started 1392
2018-05-12 05:10:56 - Stopping nodejsapp.exe
2018-05-12 05:10:56 - ProcessKill 1392
2018-05-12 05:10:56 - Finished nodejsapp.exe
2018-05-12 05:11:33 - Starting C:\Program Files\nodejs\node.exe --harmony "C:\Users\remoteworks\AppData\Roaming\npm\node_modules\qckwinsvc\node_modules\node-windows\lib\wrapper.js" -f "C:\Busybee-reports\busybee-reports\server.js" -l "node-js-app" -g 0.25 -w 1 -r 3 -a n
2018-05-12 05:11:34 - Started 1460
2018-05-19 04:47:29 - Stopping nodejsapp.exe
2018-05-19 04:47:29 - ProcessKill 1460
2018-05-19 04:47:29 - Finished nodejsapp.exe
2018-05-19 04:48:04 - Starting C:\Program Files\nodejs\node.exe --harmony "C:\Users\remoteworks\AppData\Roaming\npm\node_modules\qckwinsvc\node_modules\node-windows\lib\wrapper.js" -f "C:\Busybee-reports\busybee-reports\server.js" -l "node-js-app" -g 0.25 -w 1 -r 3 -a n
2018-05-19 04:48:05 - Started 1412
2018-05-26 04:47:31 - Stopping nodejsapp.exe
2018-05-26 04:47:31 - ProcessKill 1412
2018-05-26 04:47:31 - Finished nodejsapp.exe
2018-05-26 04:48:08 - Starting C:\Program Files\nodejs\node.exe --harmony "C:\Users\remoteworks\AppData\Roaming\npm\node_modules\qckwinsvc\node_modules\node-windows\lib\wrapper.js" -f "C:\Busybee-reports\busybee-reports\server.js" -l "node-js-app" -g 0.25 -w 1 -r 3 -a n
2018-05-26 04:48:08 - Started 1424
2018-06-02 04:47:29 - Stopping nodejsapp.exe
2018-06-02 04:47:29 - ProcessKill 1424
2018-06-02 04:47:29 - Finished nodejsapp.exe
2018-06-02 04:48:02 - Starting C:\Program Files\nodejs\node.exe --harmony "C:\Users\remoteworks\AppData\Roaming\npm\node_modules\qckwinsvc\node_modules\node-windows\lib\wrapper.js" -f "C:\Busybee-reports\busybee-reports\server.js" -l "node-js-app" -g 0.25 -w 1 -r 3 -a n
2018-06-02 04:48:02 - Started 1372
2018-06-09 04:47:28 - Stopping nodejsapp.exe
2018-06-09 04:47:28 - ProcessKill 1372
2018-06-09 04:47:28 - Finished nodejsapp.exe
2018-06-09 04:48:04 - Starting C:\Program Files\nodejs\node.exe --harmony "C:\Users\remoteworks\AppData\Roaming\npm\node_modules\qckwinsvc\node_modules\node-windows\lib\wrapper.js" -f "C:\Busybee-reports\busybee-reports\server.js" -l "node-js-app" -g 0.25 -w 1 -r 3 -a n
2018-06-09 04:48:04 - Started 1380
2018-06-13 04:28:52 - Stopping nodejsapp.exe
2018-06-13 04:28:53 - ProcessKill 1380
2018-06-13 04:28:53 - Finished nodejsapp.exe
2018-06-13 04:29:39 - Starting C:\Program Files\nodejs\node.exe --harmony "C:\Users\remoteworks\AppData\Roaming\npm\node_modules\qckwinsvc\node_modules\node-windows\lib\wrapper.js" -f "C:\Busybee-reports\busybee-reports\server.js" -l "node-js-app" -g 0.25 -w 1 -r 3 -a n
2018-06-13 04:29:39 - Started 1440
2018-06-16 04:47:29 - Stopping nodejsapp.exe
2018-06-16 04:47:29 - ProcessKill 1440
2018-06-16 04:47:29 - Finished nodejsapp.exe
2018-06-16 04:48:03 - Starting C:\Program Files\nodejs\node.exe --harmony "C:\Users\remoteworks\AppData\Roaming\npm\node_modules\qckwinsvc\node_modules\node-windows\lib\wrapper.js" -f "C:\Busybee-reports\busybee-reports\server.js" -l "node-js-app" -g 0.25 -w 1 -r 3 -a n
2018-06-16 04:48:03 - Started 1384
2018-06-23 04:47:32 - Stopping nodejsapp.exe
2018-06-23 04:47:32 - ProcessKill 1384
2018-06-23 04:47:32 - Finished nodejsapp.exe
2018-06-23 04:48:23 - Starting C:\Program Files\nodejs\node.exe --harmony "C:\Users\remoteworks\AppData\Roaming\npm\node_modules\qckwinsvc\node_modules\node-windows\lib\wrapper.js" -f "C:\Busybee-reports\busybee-reports\server.js" -l "node-js-app" -g 0.25 -w 1 -r 3 -a n
2018-06-23 04:48:24 - Started 1364
2018-06-30 04:47:33 - Stopping nodejsapp.exe
2018-06-30 04:47:33 - ProcessKill 1364
2018-06-30 04:47:33 - Finished nodejsapp.exe
2018-06-30 04:48:11 - Starting C:\Program Files\nodejs\node.exe --harmony "C:\Users\remoteworks\AppData\Roaming\npm\node_modules\qckwinsvc\node_modules\node-windows\lib\wrapper.js" -f "C:\Busybee-reports\busybee-reports\server.js" -l "node-js-app" -g 0.25 -w 1 -r 3 -a n
2018-06-30 04:48:11 - Started 1396
2018-07-07 04:47:28 - Stopping nodejsapp.exe
2018-07-07 04:47:28 - ProcessKill 1396
2018-07-07 04:47:28 - Finished nodejsapp.exe
2018-07-07 04:48:01 - Starting C:\Program Files\nodejs\node.exe --harmony "C:\Users\remoteworks\AppData\Roaming\npm\node_modules\qckwinsvc\node_modules\node-windows\lib\wrapper.js" -f "C:\Busybee-reports\busybee-reports\server.js" -l "node-js-app" -g 0.25 -w 1 -r 3 -a n
2018-07-07 04:48:01 - Started 1392
2018-07-12 03:52:35 - Stopping nodejsapp.exe
2018-07-12 03:52:35 - ProcessKill 1392
2018-07-12 03:52:35 - Finished nodejsapp.exe
2018-07-12 03:54:47 - Starting C:\Program Files\nodejs\node.exe --harmony "C:\Users\remoteworks\AppData\Roaming\npm\node_modules\qckwinsvc\node_modules\node-windows\lib\wrapper.js" -f "C:\Busybee-reports\busybee-reports\server.js" -l "node-js-app" -g 0.25 -w 1 -r 3 -a n
2018-07-12 03:54:48 - Started 1388
2018-07-14 04:48:38 - Stopping nodejsapp.exe
2018-07-14 04:48:38 - ProcessKill 1388
2018-07-14 04:48:38 - Finished nodejsapp.exe
2018-07-14 04:49:28 - Starting C:\Program Files\nodejs\node.exe --harmony "C:\Users\remoteworks\AppData\Roaming\npm\node_modules\qckwinsvc\node_modules\node-windows\lib\wrapper.js" -f "C:\Busybee-reports\busybee-reports\server.js" -l "node-js-app" -g 0.25 -w 1 -r 3 -a n
2018-07-14 04:49:28 - Started 1372
2018-07-18 15:11:24 - Starting C:\Program Files\nodejs\node.exe --harmony "C:\Users\remoteworks\AppData\Roaming\npm\node_modules\qckwinsvc\node_modules\node-windows\lib\wrapper.js" -f "C:\Busybee-reports\busybee-reports\server.js" -l "node-js-app" -g 0.25 -w 1 -r 3 -a n
2018-07-18 15:11:24 - Started 2920
2018-07-18 11:45:00 - Starting C:\Program Files\nodejs\node.exe --harmony "C:\Users\remoteworks\AppData\Roaming\npm\node_modules\qckwinsvc\node_modules\node-windows\lib\wrapper.js" -f "C:\Busybee-reports\busybee-reports\server.js" -l "node-js-app" -g 0.25 -w 1 -r 3 -a n
2018-07-18 11:45:00 - Started 3188
2018-07-21 23:48:26 - Starting C:\Program Files\nodejs\node.exe --harmony "C:\Users\remoteworks\AppData\Roaming\npm\node_modules\qckwinsvc\node_modules\node-windows\lib\wrapper.js" -f "C:\Busybee-reports\busybee-reports\server.js" -l "node-js-app" -g 0.25 -w 1 -r 3 -a n
2018-07-21 23:48:26 - Started 1332
2018-07-25 09:39:39 - Stopping nodejsapp.exe
2018-07-25 09:39:39 - ProcessKill 1332
2018-07-25 09:39:39 - Finished nodejsapp.exe
2018-07-25 09:39:40 - Starting C:\Program Files\nodejs\node.exe --harmony "C:\Users\remoteworks\AppData\Roaming\npm\node_modules\qckwinsvc\node_modules\node-windows\lib\wrapper.js" -f "C:\Busybee-reports\busybee-reports\server.js" -l "node-js-app" -g 0.25 -w 1 -r 3 -a n
2018-07-25 09:39:40 - Started 3180
2018-07-28 04:47:42 - Stopping nodejsapp.exe
2018-07-28 04:47:42 - ProcessKill 3180
2018-07-28 04:47:42 - Finished nodejsapp.exe
2018-07-28 04:48:27 - Starting C:\Program Files\nodejs\node.exe --harmony "C:\Users\remoteworks\AppData\Roaming\npm\node_modules\qckwinsvc\node_modules\node-windows\lib\wrapper.js" -f "C:\Busybee-reports\busybee-reports\server.js" -l "node-js-app" -g 0.25 -w 1 -r 3 -a n
2018-07-28 04:48:27 - Started 1300
2018-08-04 04:47:31 - Stopping nodejsapp.exe
2018-08-04 04:47:31 - ProcessKill 1300
2018-08-04 04:47:31 - Finished nodejsapp.exe
2018-08-04 04:48:00 - Starting C:\Program Files\nodejs\node.exe --harmony "C:\Users\remoteworks\AppData\Roaming\npm\node_modules\qckwinsvc\node_modules\node-windows\lib\wrapper.js" -f "C:\Busybee-reports\busybee-reports\server.js" -l "node-js-app" -g 0.25 -w 1 -r 3 -a n
2018-08-04 04:48:00 - Started 1388
2018-08-11 04:47:28 - Stopping nodejsapp.exe
2018-08-11 04:47:28 - ProcessKill 1388
2018-08-11 04:47:28 - Finished nodejsapp.exe
2018-08-11 04:47:54 - Starting C:\Program Files\nodejs\node.exe --harmony "C:\Users\remoteworks\AppData\Roaming\npm\node_modules\qckwinsvc\node_modules\node-windows\lib\wrapper.js" -f "C:\Busybee-reports\busybee-reports\server.js" -l "node-js-app" -g 0.25 -w 1 -r 3 -a n
2018-08-11 04:47:54 - Started 1396
